timestamp: 2013-04-07T16:27:21.327569
CREATE TABLE auth_user(
    id INTEGER PRIMARY KEY AUTOINCREMENT,
    first_name CHAR(128),
    last_name CHAR(128),
    email CHAR(512),
    password CHAR(512),
    registration_key CHAR(512),
    reset_password_key CHAR(512),
    registration_id CHAR(512)
);
success!
timestamp: 2013-04-07T16:27:21.331222
CREATE TABLE auth_group(
    id INTEGER PRIMARY KEY AUTOINCREMENT,
    role CHAR(512),
    description TEXT
);
success!
timestamp: 2013-04-07T16:27:21.333875
CREATE TABLE auth_membership(
    id INTEGER PRIMARY KEY AUTOINCREMENT,
    user_id INTEGER REFERENCES auth_user (id) ON DELETE CASCADE,
    group_id INTEGER REFERENCES auth_group (id) ON DELETE CASCADE
);
success!
timestamp: 2013-04-07T16:27:21.369251
CREATE TABLE auth_permission(
    id INTEGER PRIMARY KEY AUTOINCREMENT,
    group_id INTEGER REFERENCES auth_group (id) ON DELETE CASCADE,
    name CHAR(512),
    table_name CHAR(512),
    record_id INTEGER
);
success!
timestamp: 2013-04-07T16:27:21.372199
CREATE TABLE auth_event(
    id INTEGER PRIMARY KEY AUTOINCREMENT,
    time_stamp TIMESTAMP,
    client_ip CHAR(512),
    user_id INTEGER REFERENCES auth_user (id) ON DELETE CASCADE,
    origin CHAR(512),
    description TEXT
);
success!
timestamp: 2013-04-07T16:27:21.374925
CREATE TABLE auth_cas(
    id INTEGER PRIMARY KEY AUTOINCREMENT,
    user_id INTEGER REFERENCES auth_user (id) ON DELETE CASCADE,
    created_on TIMESTAMP,
    service CHAR(512),
    ticket CHAR(512),
    renew CHAR(1)
);
success!
timestamp: 2013-04-15T17:16:14.408747
CREATE TABLE mobile_user(
    id INTEGER PRIMARY KEY AUTOINCREMENT,
    email CHAR(128) UNIQUE,
    user_name CHAR(128) UNIQUE,
    password CHAR(512),
    first_name CHAR(128),
    last_name CHAR(128),
    md5 CHAR(128),
    country CHAR(15)
);
success!
timestamp: 2013-05-06T21:47:06.630066
CREATE TABLE patient(
    id INTEGER PRIMARY KEY AUTOINCREMENT,
    email CHAR(128) UNIQUE,
    password CHAR(512),
    first_name CHAR(128),
    middle_name CHAR(128),
    last_name CHAR(128),
    md5 CHAR(128),
    country CHAR(15)
);
success!
timestamp: 2013-05-06T21:47:06.639949
CREATE TABLE doctor(
    id INTEGER PRIMARY KEY AUTOINCREMENT,
    email CHAR(128) UNIQUE,
    password CHAR(512),
    first_name CHAR(128),
    middle_name CHAR(128),
    last_name CHAR(128),
    md5 CHAR(128),
    country CHAR(15)
);
success!
timestamp: 2013-05-06T21:51:43.356923
CREATE TABLE prof(
    id INTEGER PRIMARY KEY AUTOINCREMENT,
    email CHAR(128) UNIQUE,
    password CHAR(512),
    first_name CHAR(128),
    middle_name CHAR(128),
    last_name CHAR(128),
    md5 CHAR(128),
    country CHAR(15)
);
success!
