[2013-04-07 16:25:56] START
[2013-04-08 09:09:00] CREATE mobile_user.py: 0
[2013-04-08 09:14:23] EDIT MR/models/mobile_user.py: 0
[2013-04-08 09:15:26] EDIT MR/models/mobile_user.py: 21
[2013-04-08 09:15:28] EDIT MR/models/mobile_user.py: 0
[2013-04-08 09:15:28] EDIT MR/models/mobile_user.py: 0
[2013-04-08 09:15:33] EDIT MR/models/mobile_user.py: 0
[2013-04-08 09:15:33] EDIT MR/models/mobile_user.py: 0
[2013-04-08 09:15:34] EDIT MR/models/mobile_user.py: 0
[2013-04-08 09:16:11] EDIT MR/controllers/default.py: -7
[2013-04-08 09:19:25] EDIT MR/controllers/default.py: 2
[2013-04-08 09:20:40] EDIT MR/controllers/default.py: 0
[2013-04-08 09:20:42] EDIT MR/controllers/default.py: 0
[2013-04-08 09:20:57] EDIT MR/controllers/default.py: 1
[2013-04-08 09:21:31] EDIT MR/controllers/default.py: 1
[2013-04-08 09:21:32] EDIT MR/controllers/default.py: 0
[2013-04-08 09:21:43] EDIT MR/controllers/default.py: 0
[2013-04-08 09:22:22] EDIT MR/controllers/default.py: 0
[2013-04-08 09:25:02] EDIT MR/controllers/default.py: 0
[2013-04-08 09:25:14] EDIT MR/controllers/default.py: 0
[2013-04-08 09:28:55] EDIT MR/controllers/default.py: 0
[2013-04-08 09:31:03] EDIT MR/models/mobile_user.py: 0
[2013-04-08 09:32:54] EDIT MR/models/mobile_user.py: 0
[2013-04-08 09:32:54] EDIT MR/models/mobile_user.py: 0
[2013-04-08 09:38:00] EDIT MR/controllers/default.py: 5
[2013-04-08 09:38:06] EDIT MR/controllers/default.py: 0
[2013-04-08 09:38:25] EDIT MR/controllers/default.py: 0
[2013-04-08 09:40:11] EDIT MR/controllers/default.py: -1
[2013-04-08 09:40:34] EDIT MR/controllers/default.py: 0
[2013-04-08 09:53:59] EDIT MR/controllers/default.py: 1
[2013-04-08 09:54:30] EDIT MR/controllers/default.py: 0
[2013-04-08 09:54:31] EDIT MR/controllers/default.py: 0
[2013-04-08 09:54:31] EDIT MR/controllers/default.py: 0
[2013-04-08 09:54:31] EDIT MR/controllers/default.py: 0
[2013-04-08 09:54:32] EDIT MR/controllers/default.py: 0
[2013-04-08 09:54:36] EDIT MR/controllers/default.py: 0
[2013-04-08 09:57:52] EDIT MR/controllers/default.py: 2
[2013-04-08 10:01:53] EDIT MR/controllers/default.py: 8
[2013-04-15 17:19:38] EDIT MR/controllers/default.py: -2
[2013-04-15 17:29:29] EDIT MR/controllers/default.py: 0
[2013-04-15 17:29:34] EDIT MR/controllers/default.py: 0
[2013-04-15 17:29:38] EDIT MR/controllers/default.py: 0
[2013-04-15 17:29:48] EDIT MR/controllers/default.py: -2
[2013-04-15 17:29:48] EDIT MR/controllers/default.py: 0
[2013-04-15 17:30:00] EDIT MR/controllers/default.py: 0
[2013-04-15 17:33:54] EDIT MR/controllers/default.py: 5
[2013-04-15 17:36:31] EDIT MR/controllers/default.py: 0
[2013-04-15 17:40:11] EDIT MR/controllers/default.py: 1
[2013-04-15 17:40:11] EDIT MR/controllers/default.py: 0
[2013-04-15 17:40:46] EDIT MR/controllers/default.py: 0
[2013-04-15 17:40:47] EDIT MR/controllers/default.py: 0
[2013-04-15 17:40:47] EDIT MR/controllers/default.py: 0
[2013-04-15 17:40:49] EDIT MR/controllers/default.py: 0
[2013-04-15 17:40:49] EDIT MR/controllers/default.py: 0
[2013-04-15 17:41:06] EDIT MR/controllers/default.py: 0
[2013-04-15 17:41:07] EDIT MR/controllers/default.py: 0
[2013-04-29 16:23:55] EDIT MR/models/mobile_user.py: 0
[2013-04-29 16:31:32] EDIT MR/models/mobile_user.py: 0
[2013-04-29 16:34:12] EDIT MR/controllers/default.py: 1
[2013-04-29 16:34:12] EDIT MR/controllers/default.py: 0
[2013-04-29 16:35:10] EDIT MR/controllers/default.py: 0
[2013-04-29 16:59:44] EDIT MR/controllers/default.py: 2
[2013-04-29 17:00:16] EDIT MR/controllers/default.py: 1
[2013-04-29 17:00:54] EDIT MR/controllers/default.py: 2
[2013-04-29 17:00:55] EDIT MR/controllers/default.py: 0
[2013-04-29 17:01:07] EDIT MR/controllers/default.py: 0
[2013-04-29 17:02:11] EDIT MR/controllers/default.py: 0
[2013-04-29 17:02:11] EDIT MR/controllers/default.py: 0
[2013-04-29 17:03:11] EDIT MR/controllers/default.py: 0
[2013-04-29 17:03:12] EDIT MR/controllers/default.py: 0
[2013-04-29 17:04:46] EDIT MR/controllers/default.py: 1
[2013-04-29 17:04:46] EDIT MR/controllers/default.py: 0
[2013-04-29 17:06:23] EDIT MR/controllers/default.py: 0
[2013-04-29 17:06:23] EDIT MR/controllers/default.py: 0
[2013-04-29 17:07:05] EDIT MR/controllers/default.py: 0
[2013-04-29 17:07:05] EDIT MR/controllers/default.py: 0
